<?xml version="1.0" encoding="UTF-8"?>
<coverage generated="1751011977489" clover="3.2.0">
  <project timestamp="1751011977489" name="All files">
    <metrics statements="62" coveredstatements="60" conditionals="32" coveredconditionals="32" methods="7" coveredmethods="7" elements="101" coveredelements="99" complexity="0" loc="62" ncloc="62" packages="4" files="8" classes="8"/>
    <package name="test-conversion">
      <metrics statements="8" coveredstatements="8" conditionals="0" coveredconditionals="0" methods="0" coveredmethods="0"/>
      <file name="app.js" path="/Users/gillesmarchesse/Documents/MyDigitalSchool/Tests:Qualité/test-conversion/app.js">
        <metrics statements="8" coveredstatements="8" conditionals="0" coveredconditionals="0" methods="0" coveredmethods="0"/>
        <line num="1" count="2" type="stmt"/>
        <line num="2" count="2" type="stmt"/>
        <line num="4" count="2" type="stmt"/>
        <line num="5" count="2" type="stmt"/>
        <line num="7" count="2" type="stmt"/>
        <line num="9" count="2" type="stmt"/>
        <line num="10" count="2" type="stmt"/>
        <line num="12" count="2" type="stmt"/>
      </file>
    </package>
    <package name="test-conversion.controllers">
      <metrics statements="28" coveredstatements="26" conditionals="18" coveredconditionals="18" methods="3" coveredmethods="3"/>
      <file name="conversionController.js" path="/Users/gillesmarchesse/Documents/MyDigitalSchool/Tests:Qualité/test-conversion/controllers/conversionController.js">
        <metrics statements="10" coveredstatements="10" conditionals="6" coveredconditionals="6" methods="1" coveredmethods="1"/>
        <line num="1" count="2" type="stmt"/>
        <line num="4" count="4" type="stmt"/>
        <line num="5" count="4" type="stmt"/>
        <line num="7" count="4" type="cond" truecount="6" falsecount="0"/>
        <line num="8" count="1" type="stmt"/>
        <line num="11" count="3" type="stmt"/>
        <line num="12" count="3" type="stmt"/>
        <line num="13" count="2" type="stmt"/>
        <line num="20" count="1" type="stmt"/>
        <line num="24" count="2" type="stmt"/>
      </file>
      <file name="financeController.js" path="/Users/gillesmarchesse/Documents/MyDigitalSchool/Tests:Qualité/test-conversion/controllers/financeController.js">
        <metrics statements="18" coveredstatements="16" conditionals="12" coveredconditionals="12" methods="2" coveredmethods="2"/>
        <line num="1" count="2" type="stmt"/>
        <line num="4" count="3" type="stmt"/>
        <line num="5" count="3" type="stmt"/>
        <line num="7" count="3" type="cond" truecount="6" falsecount="0"/>
        <line num="8" count="1" type="stmt"/>
        <line num="11" count="2" type="stmt"/>
        <line num="12" count="2" type="stmt"/>
        <line num="13" count="2" type="stmt"/>
        <line num="15" count="0" type="stmt"/>
        <line num="20" count="2" type="stmt"/>
        <line num="21" count="2" type="stmt"/>
        <line num="23" count="2" type="cond" truecount="6" falsecount="0"/>
        <line num="24" count="1" type="stmt"/>
        <line num="27" count="1" type="stmt"/>
        <line num="28" count="1" type="stmt"/>
        <line num="29" count="1" type="stmt"/>
        <line num="31" count="0" type="stmt"/>
        <line num="35" count="2" type="stmt"/>
      </file>
    </package>
    <package name="test-conversion.routes">
      <metrics statements="11" coveredstatements="11" conditionals="0" coveredconditionals="0" methods="0" coveredmethods="0"/>
      <file name="conversionRoutes.js" path="/Users/gillesmarchesse/Documents/MyDigitalSchool/Tests:Qualité/test-conversion/routes/conversionRoutes.js">
        <metrics statements="5" coveredstatements="5" conditionals="0" coveredconditionals="0" methods="0" coveredmethods="0"/>
        <line num="1" count="2" type="stmt"/>
        <line num="2" count="2" type="stmt"/>
        <line num="3" count="2" type="stmt"/>
        <line num="5" count="2" type="stmt"/>
        <line num="7" count="2" type="stmt"/>
      </file>
      <file name="financeRoutes.js" path="/Users/gillesmarchesse/Documents/MyDigitalSchool/Tests:Qualité/test-conversion/routes/financeRoutes.js">
        <metrics statements="6" coveredstatements="6" conditionals="0" coveredconditionals="0" methods="0" coveredmethods="0"/>
        <line num="1" count="2" type="stmt"/>
        <line num="2" count="2" type="stmt"/>
        <line num="3" count="2" type="stmt"/>
        <line num="5" count="2" type="stmt"/>
        <line num="6" count="2" type="stmt"/>
        <line num="8" count="2" type="stmt"/>
      </file>
    </package>
    <package name="test-conversion.services">
      <metrics statements="15" coveredstatements="15" conditionals="14" coveredconditionals="14" methods="4" coveredmethods="4"/>
      <file name="conversionService.js" path="/Users/gillesmarchesse/Documents/MyDigitalSchool/Tests:Qualité/test-conversion/services/conversionService.js">
        <metrics statements="5" coveredstatements="5" conditionals="2" coveredconditionals="2" methods="1" coveredmethods="1"/>
        <line num="1" count="4" type="stmt"/>
        <line num="4" count="11" type="cond" truecount="2" falsecount="0"/>
        <line num="6" count="10" type="stmt"/>
        <line num="7" count="7" type="stmt"/>
        <line num="10" count="4" type="stmt"/>
      </file>
      <file name="exchangeApiService.js" path="/Users/gillesmarchesse/Documents/MyDigitalSchool/Tests:Qualité/test-conversion/services/exchangeApiService.js">
        <metrics statements="5" coveredstatements="5" conditionals="4" coveredconditionals="4" methods="1" coveredmethods="1"/>
        <line num="3" count="8" type="stmt"/>
        <line num="9" count="8" type="cond" truecount="4" falsecount="0"/>
        <line num="10" count="2" type="stmt"/>
        <line num="13" count="6" type="stmt"/>
        <line num="16" count="4" type="stmt"/>
      </file>
      <file name="financeService.js" path="/Users/gillesmarchesse/Documents/MyDigitalSchool/Tests:Qualité/test-conversion/services/financeService.js">
        <metrics statements="5" coveredstatements="5" conditionals="8" coveredconditionals="8" methods="2" coveredmethods="2"/>
        <line num="2" count="4" type="cond" truecount="4" falsecount="0"/>
        <line num="3" count="3" type="stmt"/>
        <line num="7" count="3" type="cond" truecount="4" falsecount="0"/>
        <line num="8" count="2" type="stmt"/>
        <line num="11" count="3" type="stmt"/>
      </file>
    </package>
  </project>
</coverage>
