{"/Users/gillesmarchesse/Documents/MyDigitalSchool/Tests:Qualité/test-conversion/app.js": {"path":"/Users/gillesmarchesse/Documents/MyDigitalSchool/Tests:Qualité/test-conversion/app.js","statementMap":{"0":{"start":{"line":1,"column":16},"end":{"line":1,"column":34}},"1":{"start":{"line":2,"column":12},"end":{"line":2,"column":21}},"2":{"start":{"line":4,"column":25},"end":{"line":4,"column":61}},"3":{"start":{"line":5,"column":22},"end":{"line":5,"column":55}},"4":{"start":{"line":7,"column":0},"end":{"line":7,"column":24}},"5":{"start":{"line":9,"column":0},"end":{"line":9,"column":38}},"6":{"start":{"line":10,"column":0},"end":{"line":10,"column":28}},"7":{"start":{"line":12,"column":0},"end":{"line":12,"column":21}}},"fnMap":{},"branchMap":{},"s":{"0":2,"1":2,"2":2,"3":2,"4":2,"5":2,"6":2,"7":2},"f":{},"b":{},"_coverageSchema":"1a1c01bbd47fc00a2c39e90264f33305004495a9","hash":"0443dc3b92b4e0e1ab854f9549d092d70f8a9d22"}
,"/Users/gillesmarchesse/Documents/MyDigitalSchool/Tests:Qualité/test-conversion/controllers/conversionController.js": {"path":"/Users/gillesmarchesse/Documents/MyDigitalSchool/Tests:Qualité/test-conversion/controllers/conversionController.js","statementMap":{"0":{"start":{"line":1,"column":28},"end":{"line":1,"column":68}},"1":{"start":{"line":4,"column":31},"end":{"line":4,"column":40}},"2":{"start":{"line":5,"column":20},"end":{"line":5,"column":34}},"3":{"start":{"line":7,"column":2},"end":{"line":9,"column":3}},"4":{"start":{"line":8,"column":4},"end":{"line":8,"column":65}},"5":{"start":{"line":11,"column":2},"end":{"line":21,"column":3}},"6":{"start":{"line":12,"column":19},"end":{"line":12,"column":55}},"7":{"start":{"line":13,"column":4},"end":{"line":18,"column":7}},"8":{"start":{"line":20,"column":4},"end":{"line":20,"column":56}},"9":{"start":{"line":24,"column":0},"end":{"line":24,"column":38}}},"fnMap":{"0":{"name":"handleConversion","decl":{"start":{"line":3,"column":9},"end":{"line":3,"column":25}},"loc":{"start":{"line":3,"column":36},"end":{"line":22,"column":1}},"line":3}},"branchMap":{"0":{"loc":{"start":{"line":7,"column":2},"end":{"line":9,"column":3}},"type":"if","locations":[{"start":{"line":7,"column":2},"end":{"line":9,"column":3}},{"start":{},"end":{}}],"line":7},"1":{"loc":{"start":{"line":7,"column":6},"end":{"line":7,"column":55}},"type":"binary-expr","locations":[{"start":{"line":7,"column":6},"end":{"line":7,"column":11}},{"start":{"line":7,"column":15},"end":{"line":7,"column":18}},{"start":{"line":7,"column":22},"end":{"line":7,"column":38}},{"start":{"line":7,"column":42},"end":{"line":7,"column":55}}],"line":7}},"s":{"0":2,"1":4,"2":4,"3":4,"4":1,"5":3,"6":3,"7":2,"8":1,"9":2},"f":{"0":4},"b":{"0":[1,3],"1":[4,4,4,4]},"_coverageSchema":"1a1c01bbd47fc00a2c39e90264f33305004495a9","hash":"dbcb04684f137edaa4030c7a6553a5e4c1def76c"}
,"/Users/gillesmarchesse/Documents/MyDigitalSchool/Tests:Qualité/test-conversion/controllers/financeController.js": {"path":"/Users/gillesmarchesse/Documents/MyDigitalSchool/Tests:Qualité/test-conversion/controllers/financeController.js","statementMap":{"0":{"start":{"line":1,"column":36},"end":{"line":1,"column":73}},"1":{"start":{"line":4,"column":13},"end":{"line":4,"column":33}},"2":{"start":{"line":5,"column":15},"end":{"line":5,"column":37}},"3":{"start":{"line":7,"column":2},"end":{"line":9,"column":3}},"4":{"start":{"line":8,"column":4},"end":{"line":8,"column":65}},"5":{"start":{"line":11,"column":2},"end":{"line":16,"column":3}},"6":{"start":{"line":12,"column":16},"end":{"line":12,"column":35}},"7":{"start":{"line":13,"column":4},"end":{"line":13,"column":39}},"8":{"start":{"line":15,"column":4},"end":{"line":15,"column":56}},"9":{"start":{"line":20,"column":15},"end":{"line":20,"column":37}},"10":{"start":{"line":21,"column":22},"end":{"line":21,"column":51}},"11":{"start":{"line":23,"column":2},"end":{"line":25,"column":3}},"12":{"start":{"line":24,"column":4},"end":{"line":24,"column":65}},"13":{"start":{"line":27,"column":2},"end":{"line":32,"column":3}},"14":{"start":{"line":28,"column":22},"end":{"line":28,"column":53}},"15":{"start":{"line":29,"column":4},"end":{"line":29,"column":67}},"16":{"start":{"line":31,"column":4},"end":{"line":31,"column":56}},"17":{"start":{"line":35,"column":0},"end":{"line":35,"column":45}}},"fnMap":{"0":{"name":"handleTVA","decl":{"start":{"line":3,"column":9},"end":{"line":3,"column":18}},"loc":{"start":{"line":3,"column":29},"end":{"line":17,"column":1}},"line":3},"1":{"name":"handleRemise","decl":{"start":{"line":19,"column":9},"end":{"line":19,"column":21}},"loc":{"start":{"line":19,"column":32},"end":{"line":33,"column":1}},"line":19}},"branchMap":{"0":{"loc":{"start":{"line":7,"column":2},"end":{"line":9,"column":3}},"type":"if","locations":[{"start":{"line":7,"column":2},"end":{"line":9,"column":3}},{"start":{},"end":{}}],"line":7},"1":{"loc":{"start":{"line":7,"column":6},"end":{"line":7,"column":52}},"type":"binary-expr","locations":[{"start":{"line":7,"column":6},"end":{"line":7,"column":15}},{"start":{"line":7,"column":19},"end":{"line":7,"column":30}},{"start":{"line":7,"column":34},"end":{"line":7,"column":40}},{"start":{"line":7,"column":44},"end":{"line":7,"column":52}}],"line":7},"2":{"loc":{"start":{"line":23,"column":2},"end":{"line":25,"column":3}},"type":"if","locations":[{"start":{"line":23,"column":2},"end":{"line":25,"column":3}},{"start":{},"end":{}}],"line":23},"3":{"loc":{"start":{"line":23,"column":6},"end":{"line":23,"column":70}},"type":"binary-expr","locations":[{"start":{"line":23,"column":6},"end":{"line":23,"column":17}},{"start":{"line":23,"column":21},"end":{"line":23,"column":39}},{"start":{"line":23,"column":43},"end":{"line":23,"column":51}},{"start":{"line":23,"column":55},"end":{"line":23,"column":70}}],"line":23}},"s":{"0":2,"1":3,"2":3,"3":3,"4":1,"5":2,"6":2,"7":2,"8":0,"9":2,"10":2,"11":2,"12":1,"13":1,"14":1,"15":1,"16":0,"17":2},"f":{"0":3,"1":2},"b":{"0":[1,2],"1":[3,3,3,2],"2":[1,1],"3":[2,2,2,2]},"_coverageSchema":"1a1c01bbd47fc00a2c39e90264f33305004495a9","hash":"2bbb0293009534d1da5383a908ba6272b3ca3606"}
,"/Users/gillesmarchesse/Documents/MyDigitalSchool/Tests:Qualité/test-conversion/routes/conversionRoutes.js": {"path":"/Users/gillesmarchesse/Documents/MyDigitalSchool/Tests:Qualité/test-conversion/routes/conversionRoutes.js","statementMap":{"0":{"start":{"line":1,"column":16},"end":{"line":1,"column":34}},"1":{"start":{"line":2,"column":15},"end":{"line":2,"column":31}},"2":{"start":{"line":3,"column":29},"end":{"line":3,"column":75}},"3":{"start":{"line":5,"column":0},"end":{"line":5,"column":34}},"4":{"start":{"line":7,"column":0},"end":{"line":7,"column":24}}},"fnMap":{},"branchMap":{},"s":{"0":2,"1":2,"2":2,"3":2,"4":2},"f":{},"b":{},"_coverageSchema":"1a1c01bbd47fc00a2c39e90264f33305004495a9","hash":"74fcd30dcc9264c7dd029857931e255babbee7d4"}
,"/Users/gillesmarchesse/Documents/MyDigitalSchool/Tests:Qualité/test-conversion/routes/financeRoutes.js": {"path":"/Users/gillesmarchesse/Documents/MyDigitalSchool/Tests:Qualité/test-conversion/routes/financeRoutes.js","statementMap":{"0":{"start":{"line":1,"column":16},"end":{"line":1,"column":34}},"1":{"start":{"line":2,"column":15},"end":{"line":2,"column":31}},"2":{"start":{"line":3,"column":36},"end":{"line":3,"column":79}},"3":{"start":{"line":5,"column":0},"end":{"line":5,"column":30}},"4":{"start":{"line":6,"column":0},"end":{"line":6,"column":36}},"5":{"start":{"line":8,"column":0},"end":{"line":8,"column":24}}},"fnMap":{},"branchMap":{},"s":{"0":2,"1":2,"2":2,"3":2,"4":2,"5":2},"f":{},"b":{},"_coverageSchema":"1a1c01bbd47fc00a2c39e90264f33305004495a9","hash":"3c60f93a4393ccfcdbe98315d31663eec4b7bc94"}
,"/Users/gillesmarchesse/Documents/MyDigitalSchool/Tests:Qualité/test-conversion/services/conversionService.js": {"path":"/Users/gillesmarchesse/Documents/MyDigitalSchool/Tests:Qualité/test-conversion/services/conversionService.js","statementMap":{"0":{"start":{"line":1,"column":28},"end":{"line":1,"column":59}},"1":{"start":{"line":4,"column":2},"end":{"line":4,"column":65}},"2":{"start":{"line":4,"column":18},"end":{"line":4,"column":65}},"3":{"start":{"line":6,"column":15},"end":{"line":6,"column":40}},"4":{"start":{"line":7,"column":2},"end":{"line":7,"column":44}},"5":{"start":{"line":10,"column":0},"end":{"line":10,"column":37}}},"fnMap":{"0":{"name":"convertCurrency","decl":{"start":{"line":3,"column":9},"end":{"line":3,"column":24}},"loc":{"start":{"line":3,"column":43},"end":{"line":8,"column":1}},"line":3}},"branchMap":{"0":{"loc":{"start":{"line":4,"column":2},"end":{"line":4,"column":65}},"type":"if","locations":[{"start":{"line":4,"column":2},"end":{"line":4,"column":65}},{"start":{},"end":{}}],"line":4}},"s":{"0":4,"1":11,"2":1,"3":10,"4":7,"5":4},"f":{"0":11},"b":{"0":[1,10]},"_coverageSchema":"1a1c01bbd47fc00a2c39e90264f33305004495a9","hash":"71f7fb55c84ce26a7eed2a04f6062e2de8666acc"}
,"/Users/gillesmarchesse/Documents/MyDigitalSchool/Tests:Qualité/test-conversion/services/exchangeApiService.js": {"path":"/Users/gillesmarchesse/Documents/MyDigitalSchool/Tests:Qualité/test-conversion/services/exchangeApiService.js","statementMap":{"0":{"start":{"line":3,"column":16},"end":{"line":7,"column":3}},"1":{"start":{"line":9,"column":2},"end":{"line":11,"column":3}},"2":{"start":{"line":10,"column":4},"end":{"line":10,"column":49}},"3":{"start":{"line":13,"column":2},"end":{"line":13,"column":25}},"4":{"start":{"line":16,"column":0},"end":{"line":16,"column":37}}},"fnMap":{"0":{"name":"getExchangeRate","decl":{"start":{"line":2,"column":9},"end":{"line":2,"column":24}},"loc":{"start":{"line":2,"column":35},"end":{"line":14,"column":1}},"line":2}},"branchMap":{"0":{"loc":{"start":{"line":9,"column":2},"end":{"line":11,"column":3}},"type":"if","locations":[{"start":{"line":9,"column":2},"end":{"line":11,"column":3}},{"start":{},"end":{}}],"line":9},"1":{"loc":{"start":{"line":9,"column":6},"end":{"line":9,"column":38}},"type":"binary-expr","locations":[{"start":{"line":9,"column":6},"end":{"line":9,"column":18}},{"start":{"line":9,"column":22},"end":{"line":9,"column":38}}],"line":9}},"s":{"0":8,"1":8,"2":2,"3":6,"4":4},"f":{"0":8},"b":{"0":[2,6],"1":[8,8]},"_coverageSchema":"1a1c01bbd47fc00a2c39e90264f33305004495a9","hash":"160b28f148bc843671b57a5eb973832dc20332c2"}
,"/Users/gillesmarchesse/Documents/MyDigitalSchool/Tests:Qualité/test-conversion/services/financeService.js": {"path":"/Users/gillesmarchesse/Documents/MyDigitalSchool/Tests:Qualité/test-conversion/services/financeService.js","statementMap":{"0":{"start":{"line":2,"column":2},"end":{"line":2,"column":78}},"1":{"start":{"line":2,"column":26},"end":{"line":2,"column":78}},"2":{"start":{"line":3,"column":2},"end":{"line":3,"column":51}},"3":{"start":{"line":7,"column":2},"end":{"line":7,"column":96}},"4":{"start":{"line":7,"column":35},"end":{"line":7,"column":96}},"5":{"start":{"line":8,"column":2},"end":{"line":8,"column":62}},"6":{"start":{"line":11,"column":0},"end":{"line":11,"column":45}}},"fnMap":{"0":{"name":"calculTVA","decl":{"start":{"line":1,"column":9},"end":{"line":1,"column":18}},"loc":{"start":{"line":1,"column":29},"end":{"line":4,"column":1}},"line":1},"1":{"name":"calculRemise","decl":{"start":{"line":6,"column":9},"end":{"line":6,"column":21}},"loc":{"start":{"line":6,"column":41},"end":{"line":9,"column":1}},"line":6}},"branchMap":{"0":{"loc":{"start":{"line":2,"column":2},"end":{"line":2,"column":78}},"type":"if","locations":[{"start":{"line":2,"column":2},"end":{"line":2,"column":78}},{"start":{},"end":{}}],"line":2},"1":{"loc":{"start":{"line":2,"column":6},"end":{"line":2,"column":24}},"type":"binary-expr","locations":[{"start":{"line":2,"column":6},"end":{"line":2,"column":12}},{"start":{"line":2,"column":16},"end":{"line":2,"column":24}}],"line":2},"2":{"loc":{"start":{"line":7,"column":2},"end":{"line":7,"column":96}},"type":"if","locations":[{"start":{"line":7,"column":2},"end":{"line":7,"column":96}},{"start":{},"end":{}}],"line":7},"3":{"loc":{"start":{"line":7,"column":6},"end":{"line":7,"column":33}},"type":"binary-expr","locations":[{"start":{"line":7,"column":6},"end":{"line":7,"column":14}},{"start":{"line":7,"column":18},"end":{"line":7,"column":33}}],"line":7}},"s":{"0":4,"1":1,"2":3,"3":3,"4":1,"5":2,"6":3},"f":{"0":4,"1":3},"b":{"0":[1,3],"1":[4,3],"2":[1,2],"3":[3,3]},"_coverageSchema":"1a1c01bbd47fc00a2c39e90264f33305004495a9","hash":"61651a82e9d55d4b4b6fa659bf1dd068fa4e8ab2"}
}
