TN:
SF:app.js
FNF:0
FNH:0
DA:1,2
DA:2,2
DA:4,2
DA:5,2
DA:7,2
DA:9,2
DA:10,2
DA:12,2
LF:8
LH:8
BRF:0
BRH:0
end_of_record
TN:
SF:controllers/conversionController.js
FN:3,handleConversion
FNF:1
FNH:1
FNDA:4,handleConversion
DA:1,2
DA:4,4
DA:5,4
DA:7,4
DA:8,1
DA:11,3
DA:12,3
DA:13,2
DA:20,1
DA:24,2
LF:10
LH:10
BRDA:7,0,0,1
BRDA:7,0,1,3
BRDA:7,1,0,4
BRDA:7,1,1,4
BRDA:7,1,2,4
BRDA:7,1,3,4
BRF:6
BRH:6
end_of_record
TN:
SF:controllers/financeController.js
FN:3,handleTVA
FN:19,handleRemise
FNF:2
FNH:2
FNDA:3,handleTVA
FNDA:2,handleRemise
DA:1,2
DA:4,3
DA:5,3
DA:7,3
DA:8,1
DA:11,2
DA:12,2
DA:13,2
DA:15,0
DA:20,2
DA:21,2
DA:23,2
DA:24,1
DA:27,1
DA:28,1
DA:29,1
DA:31,0
DA:35,2
LF:18
LH:16
BRDA:7,0,0,1
BRDA:7,0,1,2
BRDA:7,1,0,3
BRDA:7,1,1,3
BRDA:7,1,2,3
BRDA:7,1,3,2
BRDA:23,2,0,1
BRDA:23,2,1,1
BRDA:23,3,0,2
BRDA:23,3,1,2
BRDA:23,3,2,2
BRDA:23,3,3,2
BRF:12
BRH:12
end_of_record
TN:
SF:routes/conversionRoutes.js
FNF:0
FNH:0
DA:1,2
DA:2,2
DA:3,2
DA:5,2
DA:7,2
LF:5
LH:5
BRF:0
BRH:0
end_of_record
TN:
SF:routes/financeRoutes.js
FNF:0
FNH:0
DA:1,2
DA:2,2
DA:3,2
DA:5,2
DA:6,2
DA:8,2
LF:6
LH:6
BRF:0
BRH:0
end_of_record
TN:
SF:services/conversionService.js
FN:3,convertCurrency
FNF:1
FNH:1
FNDA:11,convertCurrency
DA:1,4
DA:4,11
DA:6,10
DA:7,7
DA:10,4
LF:5
LH:5
BRDA:4,0,0,1
BRDA:4,0,1,10
BRF:2
BRH:2
end_of_record
TN:
SF:services/exchangeApiService.js
FN:2,getExchangeRate
FNF:1
FNH:1
FNDA:8,getExchangeRate
DA:3,8
DA:9,8
DA:10,2
DA:13,6
DA:16,4
LF:5
LH:5
BRDA:9,0,0,2
BRDA:9,0,1,6
BRDA:9,1,0,8
BRDA:9,1,1,8
BRF:4
BRH:4
end_of_record
TN:
SF:services/financeService.js
FN:1,calculTVA
FN:6,calculRemise
FNF:2
FNH:2
FNDA:4,calculTVA
FNDA:3,calculRemise
DA:2,4
DA:3,3
DA:7,3
DA:8,2
DA:11,3
LF:5
LH:5
BRDA:2,0,0,1
BRDA:2,0,1,3
BRDA:2,1,0,4
BRDA:2,1,1,3
BRDA:7,2,0,1
BRDA:7,2,1,2
BRDA:7,3,0,3
BRDA:7,3,1,3
BRF:8
BRH:8
end_of_record
